# JRE version: OpenJDK Runtime Environment (8.0_242) (build 1.8.0_242-release-1644-b3-6222593)
# Java VM: OpenJDK 64-Bit Server VM (25.242-b3-6222593 mixed mode linux-amd64 compressed oops)
Heap:
 PSYoungGen      total 314880K, used 23009K [0x00000000d5580000, 0x00000000ea100000, 0x0000000100000000)
  eden space 291840K, 0% used [0x00000000d5580000,0x00000000d5580000,0x00000000e7280000)
  from space 23040K, 99% used [0x00000000e7280000,0x00000000e88f8660,0x00000000e8900000)
  to   space 17920K, 0% used [0x00000000e8900000,0x00000000e8900000,0x00000000e9a80000)
 ParOldGen       total 113152K, used 51226K [0x0000000080000000, 0x0000000086e80000, 0x00000000d5580000)
  object space 113152K, 45% used [0x0000000080000000,0x00000000832068f0,0x0000000086e80000)
 Metaspace       used 74457K, capacity 77648K, committed 77848K, reserved 1116160K
  class space    used 10024K, capacity 10690K, committed 10800K, reserved 1048576K
GC Heap History (10 events):
Event: 10,547 GC heap after
Heap after GC invocations=9 (full 1):
 PSYoungGen      total 233472K, used 8643K [0x00000000d5580000, 0x00000000e4780000, 0x0000000100000000)
  eden space 219136K, 0% used [0x00000000d5580000,0x00000000d5580000,0x00000000e2b80000)
  from space 14336K, 60% used [0x00000000e3900000,0x00000000e4170ee0,0x00000000e4700000)
  to   space 13824K, 0% used [0x00000000e2b80000,0x00000000e2b80000,0x00000000e3900000)
 ParOldGen       total 50688K, used 8988K [0x0000000080000000, 0x0000000083180000, 0x00000000d5580000)
  object space 50688K, 17% used [0x0000000080000000,0x00000000808c7118,0x0000000083180000)
 Metaspace       used 34318K, capacity 35422K, committed 35496K, reserved 1079296K
  class space    used 4714K, capacity 5004K, committed 5040K, reserved 1048576K
}
Event: 10,548 GC heap before
{Heap before GC invocations=10 (full 2):
 PSYoungGen      total 233472K, used 8643K [0x00000000d5580000, 0x00000000e4780000, 0x0000000100000000)
  eden space 219136K, 0% used [0x00000000d5580000,0x00000000d5580000,0x00000000e2b80000)
  from space 14336K, 60% used [0x00000000e3900000,0x00000000e4170ee0,0x00000000e4700000)
  to   space 13824K, 0% used [0x00000000e2b80000,0x00000000e2b80000,0x00000000e3900000)
 ParOldGen       total 50688K, used 8988K [0x0000000080000000, 0x0000000083180000, 0x00000000d5580000)
  object space 50688K, 17% used [0x0000000080000000,0x00000000808c7118,0x0000000083180000)
 Metaspace       used 34318K, capacity 35422K, committed 35496K, reserved 1079296K
  class space    used 4714K, capacity 5004K, committed 5040K, reserved 1048576K
Event: 10,701 GC heap after
Heap after GC invocations=10 (full 2):
 PSYoungGen      total 233472K, used 0K [0x00000000d5580000, 0x00000000e4780000, 0x0000000100000000)
  eden space 219136K, 0% used [0x00000000d5580000,0x00000000d5580000,0x00000000e2b80000)
  from space 14336K, 0% used [0x00000000e3900000,0x00000000e3900000,0x00000000e4700000)
  to   space 13824K, 0% used [0x00000000e2b80000,0x00000000e2b80000,0x00000000e3900000)
 ParOldGen       total 73216K, used 14989K [0x0000000080000000, 0x0000000084780000, 0x00000000d5580000)
  object space 73216K, 20% used [0x0000000080000000,0x0000000080ea3488,0x0000000084780000)
 Metaspace       used 34318K, capacity 35422K, committed 35496K, reserved 1079296K
  class space    used 4714K, capacity 5004K, committed 5040K, reserved 1048576K
}
Event: 16,171 GC heap before
{Heap before GC invocations=11 (full 2):
 PSYoungGen      total 233472K, used 219136K [0x00000000d5580000, 0x00000000e4780000, 0x0000000100000000)
  eden space 219136K, 100% used [0x00000000d5580000,0x00000000e2b80000,0x00000000e2b80000)
  from space 14336K, 0% used [0x00000000e3900000,0x00000000e3900000,0x00000000e4700000)
  to   space 13824K, 0% used [0x00000000e2b80000,0x00000000e2b80000,0x00000000e3900000)
 ParOldGen       total 73216K, used 14989K [0x0000000080000000, 0x0000000084780000, 0x00000000d5580000)
  object space 73216K, 20% used [0x0000000080000000,0x0000000080ea3488,0x0000000084780000)
 Metaspace       used 46148K, capacity 47908K, committed 48040K, reserved 1091584K
  class space    used 6235K, capacity 6576K, committed 6576K, reserved 1048576K
Event: 16,236 GC heap after
Heap after GC invocations=11 (full 2):
 PSYoungGen      total 232960K, used 13797K [0x00000000d5580000, 0x00000000e9a80000, 0x0000000100000000)
  eden space 219136K, 0% used [0x00000000d5580000,0x00000000d5580000,0x00000000e2b80000)
  from space 13824K, 99% used [0x00000000e2b80000,0x00000000e38f95e8,0x00000000e3900000)
  to   space 17920K, 0% used [0x00000000e8900000,0x00000000e8900000,0x00000000e9a80000)
 ParOldGen       total 73216K, used 19747K [0x0000000080000000, 0x0000000084780000, 0x00000000d5580000)
  object space 73216K, 26% used [0x0000000080000000,0x0000000081348de8,0x0000000084780000)
 Metaspace       used 46148K, capacity 47908K, committed 48040K, reserved 1091584K
  class space    used 6235K, capacity 6576K, committed 6576K, reserved 1048576K
}
Event: 20,372 GC heap before
{Heap before GC invocations=12 (full 2):
 PSYoungGen      total 232960K, used 139846K [0x00000000d5580000, 0x00000000e9a80000, 0x0000000100000000)
  eden space 219136K, 57% used [0x00000000d5580000,0x00000000dd098440,0x00000000e2b80000)
  from space 13824K, 99% used [0x00000000e2b80000,0x00000000e38f95e8,0x00000000e3900000)
  to   space 17920K, 0% used [0x00000000e8900000,0x00000000e8900000,0x00000000e9a80000)
 ParOldGen       total 73216K, used 19747K [0x0000000080000000, 0x0000000084780000, 0x00000000d5580000)
  object space 73216K, 26% used [0x0000000080000000,0x0000000081348de8,0x0000000084780000)
 Metaspace       used 56581K, capacity 58910K, committed 59160K, reserved 1099776K
  class space    used 7736K, capacity 8226K, committed 8240K, reserved 1048576K
Event: 20,447 GC heap after
Heap after GC invocations=12 (full 2):
 PSYoungGen      total 309760K, used 17900K [0x00000000d5580000, 0x00000000ea100000, 0x0000000100000000)
  eden space 291840K, 0% used [0x00000000d5580000,0x00000000d5580000,0x00000000e7280000)
  from space 17920K, 99% used [0x00000000e8900000,0x00000000e9a7b320,0x00000000e9a80000)
  to   space 23040K, 0% used [0x00000000e7280000,0x00000000e7280000,0x00000000e8900000)
 ParOldGen       total 73216K, used 27214K [0x0000000080000000, 0x0000000084780000, 0x00000000d5580000)
  object space 73216K, 37% used [0x0000000080000000,0x0000000081a939b8,0x0000000084780000)
 Metaspace       used 56581K, capacity 58910K, committed 59160K, reserved 1099776K
  class space    used 7736K, capacity 8226K, committed 8240K, reserved 1048576K
}
Event: 20,447 GC heap before
{Heap before GC invocations=13 (full 3):
 PSYoungGen      total 309760K, used 17900K [0x00000000d5580000, 0x00000000ea100000, 0x0000000100000000)
  eden space 291840K, 0% used [0x00000000d5580000,0x00000000d5580000,0x00000000e7280000)
  from space 17920K, 99% used [0x00000000e8900000,0x00000000e9a7b320,0x00000000e9a80000)
  to   space 23040K, 0% used [0x00000000e7280000,0x00000000e7280000,0x00000000e8900000)
 ParOldGen       total 73216K, used 27214K [0x0000000080000000, 0x0000000084780000, 0x00000000d5580000)
  object space 73216K, 37% used [0x0000000080000000,0x0000000081a939b8,0x0000000084780000)
 Metaspace       used 56581K, capacity 58910K, committed 59160K, reserved 1099776K
  class space    used 7736K, capacity 8226K, committed 8240K, reserved 1048576K
Event: 20,796 GC heap after
Heap after GC invocations=13 (full 3):
 PSYoungGen      total 309760K, used 0K [0x00000000d5580000, 0x00000000ea100000, 0x0000000100000000)
  eden space 291840K, 0% used [0x00000000d5580000,0x00000000d5580000,0x00000000e7280000)
  from space 17920K, 0% used [0x00000000e8900000,0x00000000e8900000,0x00000000e9a80000)
  to   space 23040K, 0% used [0x00000000e7280000,0x00000000e7280000,0x00000000e8900000)
 ParOldGen       total 113152K, used 37270K [0x0000000080000000, 0x0000000086e80000, 0x00000000d5580000)
  object space 113152K, 32% used [0x0000000080000000,0x0000000082465a48,0x0000000086e80000)
 Metaspace       used 56581K, capacity 58910K, committed 59160K, reserved 1099776K
  class space    used 7736K, capacity 8226K, committed 8240K, reserved 1048576K
}
Event: 32,554 GC heap before
{Heap before GC invocations=14 (full 3):
 PSYoungGen      total 309760K, used 291840K [0x00000000d5580000, 0x00000000ea100000, 0x0000000100000000)
  eden space 291840K, 100% used [0x00000000d5580000,0x00000000e7280000,0x00000000e7280000)
  from space 17920K, 0% used [0x00000000e8900000,0x00000000e8900000,0x00000000e9a80000)
  to   space 23040K, 0% used [0x00000000e7280000,0x00000000e7280000,0x00000000e8900000)
 ParOldGen       total 113152K, used 37270K [0x0000000080000000, 0x0000000086e80000, 0x00000000d5580000)
  object space 113152K, 32% used [0x0000000080000000,0x0000000082465a48,0x0000000086e80000)
 Metaspace       used 74457K, capacity 77648K, committed 77848K, reserved 1116160K
  class space    used 10024K, capacity 10690K, committed 10800K, reserved 1048576K

